2011/08/24 15:38:57 [error] 30557#0: *4 upstream prematurely closed connection while reading response header from upstream, client: 127.0.0.1, server: _, request: "HEAD / HTTP/1.1", upstream: "passenger:unix:/passenger_helper_server:", host: "0.0.0.0"
[ pid=30568 thr=17189069660 file=utils.rb:176 time=2011-08-24 15:38:57.117 ]: *** Exception ArgumentError in application (wrong number of arguments (1 for 0)) (process 30568, thread #<Thread:0x0000080118c6b8>):
	from /home/nnoe/.rvm/gems/ruby-1.9.2-p180@ifblserver/gems/actionpack-3.0.7/lib/action_controller/deprecated/base.rb:11:in `relative_url_root='
	from /home/nnoe/.rvm/gems/ruby-1.9.2-p180@ifblserver/gems/actionpack-3.0.7/lib/action_controller/railtie.rb:54:in `block (3 levels) in <class:Railtie>'
	from /home/nnoe/.rvm/gems/ruby-1.9.2-p180@ifblserver/gems/actionpack-3.0.7/lib/action_controller/railtie.rb:54:in `each'
	from /home/nnoe/.rvm/gems/ruby-1.9.2-p180@ifblserver/gems/actionpack-3.0.7/lib/action_controller/railtie.rb:54:in `block (2 levels) in <class:Railtie>'
	from /home/nnoe/.rvm/gems/ruby-1.9.2-p180@ifblserver/gems/activesupport-3.0.7/lib/active_support/lazy_load_hooks.rb:36:in `instance_eval'
	from /home/nnoe/.rvm/gems/ruby-1.9.2-p180@ifblserver/gems/activesupport-3.0.7/lib/active_support/lazy_load_hooks.rb:36:in `execute_hook'
	from /home/nnoe/.rvm/gems/ruby-1.9.2-p180@ifblserver/gems/activesupport-3.0.7/lib/active_support/lazy_load_hooks.rb:43:in `block in run_load_hooks'
	from /home/nnoe/.rvm/gems/ruby-1.9.2-p180@ifblserver/gems/activesupport-3.0.7/lib/active_support/lazy_load_hooks.rb:42:in `each'
	from /home/nnoe/.rvm/gems/ruby-1.9.2-p180@ifblserver/gems/activesupport-3.0.7/lib/active_support/lazy_load_hooks.rb:42:in `run_load_hooks'
	from /home/nnoe/.rvm/gems/ruby-1.9.2-p180@ifblserver/gems/actionpack-3.0.7/lib/action_controller/base.rb:232:in `<class:Base>'
	from /home/nnoe/.rvm/gems/ruby-1.9.2-p180@ifblserver/gems/actionpack-3.0.7/lib/action_controller/base.rb:169:in `<module:ActionController>'
	from /home/nnoe/.rvm/gems/ruby-1.9.2-p180@ifblserver/gems/actionpack-3.0.7/lib/action_controller/base.rb:3:in `<top (required)>'
	from /home/nnoe/.rvm/gems/ruby-1.9.2-p180@ifblserver/gems/actionpack-3.0.7/lib/action_dispatch/middleware/static.rb:21:in `call'
	from /home/nnoe/.rvm/gems/ruby-1.9.2-p180@ifblserver/gems/railties-3.0.7/lib/rails/application.rb:168:in `call'
	from /home/nnoe/.rvm/gems/ruby-1.9.2-p180@ifblserver/gems/railties-3.0.7/lib/rails/application.rb:77:in `method_missing'
	from /home/nnoe/.passenger/standalone/3.0.8-x86_64-ruby1.9.2-freebsd8.2-gcc4.2.1-1002/support/lib/phusion_passenger/rack/request_handler.rb:96:in `process_request'
	from /home/nnoe/.passenger/standalone/3.0.8-x86_64-ruby1.9.2-freebsd8.2-gcc4.2.1-1002/support/lib/phusion_passenger/abstract_request_handler.rb:513:in `accept_and_process_next_request'
	from /home/nnoe/.passenger/standalone/3.0.8-x86_64-ruby1.9.2-freebsd8.2-gcc4.2.1-1002/support/lib/phusion_passenger/abstract_request_handler.rb:274:in `main_loop'
	from /home/nnoe/.passenger/standalone/3.0.8-x86_64-ruby1.9.2-freebsd8.2-gcc4.2.1-1002/support/lib/phusion_passenger/rack/application_spawner.rb:205:in `start_request_handler'
	from /home/nnoe/.passenger/standalone/3.0.8-x86_64-ruby1.9.2-freebsd8.2-gcc4.2.1-1002/support/lib/phusion_passenger/rack/application_spawner.rb:170:in `block in handle_spawn_application'
	from /home/nnoe/.passenger/standalone/3.0.8-x86_64-ruby1.9.2-freebsd8.2-gcc4.2.1-1002/support/lib/phusion_passenger/utils.rb:479:in `safe_fork'
	from /home/nnoe/.passenger/standalone/3.0.8-x86_64-ruby1.9.2-freebsd8.2-gcc4.2.1-1002/support/lib/phusion_passenger/rack/application_spawner.rb:165:in `handle_spawn_application'
	from /home/nnoe/.passenger/standalone/3.0.8-x86_64-ruby1.9.2-freebsd8.2-gcc4.2.1-1002/support/lib/phusion_passenger/abstract_server.rb:357:in `server_main_loop'
	from /home/nnoe/.passenger/standalone/3.0.8-x86_64-ruby1.9.2-freebsd8.2-gcc4.2.1-1002/support/lib/phusion_passenger/abstract_server.rb:206:in `start_synchronously'
	from /home/nnoe/.passenger/standalone/3.0.8-x86_64-ruby1.9.2-freebsd8.2-gcc4.2.1-1002/support/lib/phusion_passenger/abstract_server.rb:180:in `start'
	from /home/nnoe/.passenger/standalone/3.0.8-x86_64-ruby1.9.2-freebsd8.2-gcc4.2.1-1002/support/lib/phusion_passenger/rack/application_spawner.rb:128:in `start'
	from /home/nnoe/.passenger/standalone/3.0.8-x86_64-ruby1.9.2-freebsd8.2-gcc4.2.1-1002/support/lib/phusion_passenger/spawn_manager.rb:253:in `block (2 levels) in spawn_rack_application'
	from /home/nnoe/.passenger/standalone/3.0.8-x86_64-ruby1.9.2-freebsd8.2-gcc4.2.1-1002/support/lib/phusion_passenger/abstract_server_collection.rb:132:in `lookup_or_add'
	from /home/nnoe/.passenger/standalone/3.0.8-x86_64-ruby1.9.2-freebsd8.2-gcc4.2.1-1002/support/lib/phusion_passenger/spawn_manager.rb:246:in `block in spawn_rack_application'
	from /home/nnoe/.passenger/standalone/3.0.8-x86_64-ruby1.9.2-freebsd8.2-gcc4.2.1-1002/support/lib/phusion_passenger/abstract_server_collection.rb:82:in `block in synchronize'
	from <internal:prelude>:10:in `synchronize'
	from /home/nnoe/.passenger/standalone/3.0.8-x86_64-ruby1.9.2-freebsd8.2-gcc4.2.1-1002/support/lib/phusion_passenger/abstract_server_collection.rb:79:in `synchronize'
	from /home/nnoe/.passenger/standalone/3.0.8-x86_64-ruby1.9.2-freebsd8.2-gcc4.2.1-1002/support/lib/phusion_passenger/spawn_manager.rb:244:in `spawn_rack_application'
	from /home/nnoe/.passenger/standalone/3.0.8-x86_64-ruby1.9.2-freebsd8.2-gcc4.2.1-1002/support/lib/phusion_passenger/spawn_manager.rb:137:in `spawn_application'
	from /home/nnoe/.passenger/standalone/3.0.8-x86_64-ruby1.9.2-freebsd8.2-gcc4.2.1-1002/support/lib/phusion_passenger/spawn_manager.rb:275:in `handle_spawn_application'
	from /home/nnoe/.passenger/standalone/3.0.8-x86_64-ruby1.9.2-freebsd8.2-gcc4.2.1-1002/support/lib/phusion_passenger/abstract_server.rb:357:in `server_main_loop'
	from /home/nnoe/.passenger/standalone/3.0.8-x86_64-ruby1.9.2-freebsd8.2-gcc4.2.1-1002/support/lib/phusion_passenger/abstract_server.rb:206:in `start_synchronously'
	from /home/nnoe/.passenger/standalone/3.0.8-x86_64-ruby1.9.2-freebsd8.2-gcc4.2.1-1002/support/helper-scripts/passenger-spawn-server:99:in `<main>'
2011/08/24 15:39:17 [error] 30599#0: *4 upstream prematurely closed connection while reading response header from upstream, client: 127.0.0.1, server: _, request: "HEAD / HTTP/1.1", upstream: "passenger:unix:/passenger_helper_server:", host: "0.0.0.0"
[ pid=30614 thr=17189069660 file=utils.rb:176 time=2011-08-24 15:39:17.877 ]: *** Exception ArgumentError in application (wrong number of arguments (1 for 0)) (process 30614, thread #<Thread:0x0000080118c6b8>):
	from /home/nnoe/.rvm/gems/ruby-1.9.2-p180@ifblserver/gems/actionpack-3.0.7/lib/action_controller/deprecated/base.rb:11:in `relative_url_root='
	from /home/nnoe/.rvm/gems/ruby-1.9.2-p180@ifblserver/gems/actionpack-3.0.7/lib/action_controller/railtie.rb:54:in `block (3 levels) in <class:Railtie>'
	from /home/nnoe/.rvm/gems/ruby-1.9.2-p180@ifblserver/gems/actionpack-3.0.7/lib/action_controller/railtie.rb:54:in `each'
	from /home/nnoe/.rvm/gems/ruby-1.9.2-p180@ifblserver/gems/actionpack-3.0.7/lib/action_controller/railtie.rb:54:in `block (2 levels) in <class:Railtie>'
	from /home/nnoe/.rvm/gems/ruby-1.9.2-p180@ifblserver/gems/activesupport-3.0.7/lib/active_support/lazy_load_hooks.rb:36:in `instance_eval'
	from /home/nnoe/.rvm/gems/ruby-1.9.2-p180@ifblserver/gems/activesupport-3.0.7/lib/active_support/lazy_load_hooks.rb:36:in `execute_hook'
	from /home/nnoe/.rvm/gems/ruby-1.9.2-p180@ifblserver/gems/activesupport-3.0.7/lib/active_support/lazy_load_hooks.rb:43:in `block in run_load_hooks'
	from /home/nnoe/.rvm/gems/ruby-1.9.2-p180@ifblserver/gems/activesupport-3.0.7/lib/active_support/lazy_load_hooks.rb:42:in `each'
	from /home/nnoe/.rvm/gems/ruby-1.9.2-p180@ifblserver/gems/activesupport-3.0.7/lib/active_support/lazy_load_hooks.rb:42:in `run_load_hooks'
	from /home/nnoe/.rvm/gems/ruby-1.9.2-p180@ifblserver/gems/actionpack-3.0.7/lib/action_controller/base.rb:232:in `<class:Base>'
	from /home/nnoe/.rvm/gems/ruby-1.9.2-p180@ifblserver/gems/actionpack-3.0.7/lib/action_controller/base.rb:169:in `<module:ActionController>'
	from /home/nnoe/.rvm/gems/ruby-1.9.2-p180@ifblserver/gems/actionpack-3.0.7/lib/action_controller/base.rb:3:in `<top (required)>'
	from /home/nnoe/.rvm/gems/ruby-1.9.2-p180@ifblserver/gems/actionpack-3.0.7/lib/action_dispatch/middleware/static.rb:21:in `call'
	from /home/nnoe/.rvm/gems/ruby-1.9.2-p180@ifblserver/gems/railties-3.0.7/lib/rails/application.rb:168:in `call'
	from /home/nnoe/.rvm/gems/ruby-1.9.2-p180@ifblserver/gems/railties-3.0.7/lib/rails/application.rb:77:in `method_missing'
	from /home/nnoe/.passenger/standalone/3.0.8-x86_64-ruby1.9.2-freebsd8.2-gcc4.2.1-1002/support/lib/phusion_passenger/rack/request_handler.rb:96:in `process_request'
	from /home/nnoe/.passenger/standalone/3.0.8-x86_64-ruby1.9.2-freebsd8.2-gcc4.2.1-1002/support/lib/phusion_passenger/abstract_request_handler.rb:513:in `accept_and_process_next_request'
	from /home/nnoe/.passenger/standalone/3.0.8-x86_64-ruby1.9.2-freebsd8.2-gcc4.2.1-1002/support/lib/phusion_passenger/abstract_request_handler.rb:274:in `main_loop'
	from /home/nnoe/.passenger/standalone/3.0.8-x86_64-ruby1.9.2-freebsd8.2-gcc4.2.1-1002/support/lib/phusion_passenger/rack/application_spawner.rb:205:in `start_request_handler'
	from /home/nnoe/.passenger/standalone/3.0.8-x86_64-ruby1.9.2-freebsd8.2-gcc4.2.1-1002/support/lib/phusion_passenger/rack/application_spawner.rb:170:in `block in handle_spawn_application'
	from /home/nnoe/.passenger/standalone/3.0.8-x86_64-ruby1.9.2-freebsd8.2-gcc4.2.1-1002/support/lib/phusion_passenger/utils.rb:479:in `safe_fork'
	from /home/nnoe/.passenger/standalone/3.0.8-x86_64-ruby1.9.2-freebsd8.2-gcc4.2.1-1002/support/lib/phusion_passenger/rack/application_spawner.rb:165:in `handle_spawn_application'
	from /home/nnoe/.passenger/standalone/3.0.8-x86_64-ruby1.9.2-freebsd8.2-gcc4.2.1-1002/support/lib/phusion_passenger/abstract_server.rb:357:in `server_main_loop'
	from /home/nnoe/.passenger/standalone/3.0.8-x86_64-ruby1.9.2-freebsd8.2-gcc4.2.1-1002/support/lib/phusion_passenger/abstract_server.rb:206:in `start_synchronously'
	from /home/nnoe/.passenger/standalone/3.0.8-x86_64-ruby1.9.2-freebsd8.2-gcc4.2.1-1002/support/lib/phusion_passenger/abstract_server.rb:180:in `start'
	from /home/nnoe/.passenger/standalone/3.0.8-x86_64-ruby1.9.2-freebsd8.2-gcc4.2.1-1002/support/lib/phusion_passenger/rack/application_spawner.rb:128:in `start'
	from /home/nnoe/.passenger/standalone/3.0.8-x86_64-ruby1.9.2-freebsd8.2-gcc4.2.1-1002/support/lib/phusion_passenger/spawn_manager.rb:253:in `block (2 levels) in spawn_rack_application'
	from /home/nnoe/.passenger/standalone/3.0.8-x86_64-ruby1.9.2-freebsd8.2-gcc4.2.1-1002/support/lib/phusion_passenger/abstract_server_collection.rb:132:in `lookup_or_add'
	from /home/nnoe/.passenger/standalone/3.0.8-x86_64-ruby1.9.2-freebsd8.2-gcc4.2.1-1002/support/lib/phusion_passenger/spawn_manager.rb:246:in `block in spawn_rack_application'
	from /home/nnoe/.passenger/standalone/3.0.8-x86_64-ruby1.9.2-freebsd8.2-gcc4.2.1-1002/support/lib/phusion_passenger/abstract_server_collection.rb:82:in `block in synchronize'
	from <internal:prelude>:10:in `synchronize'
	from /home/nnoe/.passenger/standalone/3.0.8-x86_64-ruby1.9.2-freebsd8.2-gcc4.2.1-1002/support/lib/phusion_passenger/abstract_server_collection.rb:79:in `synchronize'
	from /home/nnoe/.passenger/standalone/3.0.8-x86_64-ruby1.9.2-freebsd8.2-gcc4.2.1-1002/support/lib/phusion_passenger/spawn_manager.rb:244:in `spawn_rack_application'
	from /home/nnoe/.passenger/standalone/3.0.8-x86_64-ruby1.9.2-freebsd8.2-gcc4.2.1-1002/support/lib/phusion_passenger/spawn_manager.rb:137:in `spawn_application'
	from /home/nnoe/.passenger/standalone/3.0.8-x86_64-ruby1.9.2-freebsd8.2-gcc4.2.1-1002/support/lib/phusion_passenger/spawn_manager.rb:275:in `handle_spawn_application'
	from /home/nnoe/.passenger/standalone/3.0.8-x86_64-ruby1.9.2-freebsd8.2-gcc4.2.1-1002/support/lib/phusion_passenger/abstract_server.rb:357:in `server_main_loop'
	from /home/nnoe/.passenger/standalone/3.0.8-x86_64-ruby1.9.2-freebsd8.2-gcc4.2.1-1002/support/lib/phusion_passenger/abstract_server.rb:206:in `start_synchronously'
	from /home/nnoe/.passenger/standalone/3.0.8-x86_64-ruby1.9.2-freebsd8.2-gcc4.2.1-1002/support/helper-scripts/passenger-spawn-server:99:in `<main>'
2011/08/24 15:39:21 [error] 30599#0: *6 upstream prematurely closed connection while reading response header from upstream, client: 10.0.0.9, server: _, request: "GET /ifbl/ HTTP/1.1", upstream: "passenger:unix:/passenger_helper_server:", host: "home.bebif.be"
[ pid=30620 thr=17189069660 file=utils.rb:176 time=2011-08-24 15:39:21.878 ]: *** Exception ArgumentError in application (wrong number of arguments (1 for 0)) (process 30620, thread #<Thread:0x0000080118c6b8>):
	from /home/nnoe/.rvm/gems/ruby-1.9.2-p180@ifblserver/gems/actionpack-3.0.7/lib/action_controller/deprecated/base.rb:11:in `relative_url_root='
	from /home/nnoe/.rvm/gems/ruby-1.9.2-p180@ifblserver/gems/actionpack-3.0.7/lib/action_controller/railtie.rb:54:in `block (3 levels) in <class:Railtie>'
	from /home/nnoe/.rvm/gems/ruby-1.9.2-p180@ifblserver/gems/actionpack-3.0.7/lib/action_controller/railtie.rb:54:in `each'
	from /home/nnoe/.rvm/gems/ruby-1.9.2-p180@ifblserver/gems/actionpack-3.0.7/lib/action_controller/railtie.rb:54:in `block (2 levels) in <class:Railtie>'
	from /home/nnoe/.rvm/gems/ruby-1.9.2-p180@ifblserver/gems/activesupport-3.0.7/lib/active_support/lazy_load_hooks.rb:36:in `instance_eval'
	from /home/nnoe/.rvm/gems/ruby-1.9.2-p180@ifblserver/gems/activesupport-3.0.7/lib/active_support/lazy_load_hooks.rb:36:in `execute_hook'
	from /home/nnoe/.rvm/gems/ruby-1.9.2-p180@ifblserver/gems/activesupport-3.0.7/lib/active_support/lazy_load_hooks.rb:43:in `block in run_load_hooks'
	from /home/nnoe/.rvm/gems/ruby-1.9.2-p180@ifblserver/gems/activesupport-3.0.7/lib/active_support/lazy_load_hooks.rb:42:in `each'
	from /home/nnoe/.rvm/gems/ruby-1.9.2-p180@ifblserver/gems/activesupport-3.0.7/lib/active_support/lazy_load_hooks.rb:42:in `run_load_hooks'
	from /home/nnoe/.rvm/gems/ruby-1.9.2-p180@ifblserver/gems/actionpack-3.0.7/lib/action_controller/base.rb:232:in `<class:Base>'
	from /home/nnoe/.rvm/gems/ruby-1.9.2-p180@ifblserver/gems/actionpack-3.0.7/lib/action_controller/base.rb:169:in `<module:ActionController>'
	from /home/nnoe/.rvm/gems/ruby-1.9.2-p180@ifblserver/gems/actionpack-3.0.7/lib/action_controller/base.rb:3:in `<top (required)>'
	from /home/nnoe/.rvm/gems/ruby-1.9.2-p180@ifblserver/gems/actionpack-3.0.7/lib/action_dispatch/middleware/static.rb:21:in `call'
	from /home/nnoe/.rvm/gems/ruby-1.9.2-p180@ifblserver/gems/railties-3.0.7/lib/rails/application.rb:168:in `call'
	from /home/nnoe/.rvm/gems/ruby-1.9.2-p180@ifblserver/gems/railties-3.0.7/lib/rails/application.rb:77:in `method_missing'
	from /home/nnoe/.passenger/standalone/3.0.8-x86_64-ruby1.9.2-freebsd8.2-gcc4.2.1-1002/support/lib/phusion_passenger/rack/request_handler.rb:96:in `process_request'
	from /home/nnoe/.passenger/standalone/3.0.8-x86_64-ruby1.9.2-freebsd8.2-gcc4.2.1-1002/support/lib/phusion_passenger/abstract_request_handler.rb:513:in `accept_and_process_next_request'
	from /home/nnoe/.passenger/standalone/3.0.8-x86_64-ruby1.9.2-freebsd8.2-gcc4.2.1-1002/support/lib/phusion_passenger/abstract_request_handler.rb:274:in `main_loop'
	from /home/nnoe/.passenger/standalone/3.0.8-x86_64-ruby1.9.2-freebsd8.2-gcc4.2.1-1002/support/lib/phusion_passenger/rack/application_spawner.rb:205:in `start_request_handler'
	from /home/nnoe/.passenger/standalone/3.0.8-x86_64-ruby1.9.2-freebsd8.2-gcc4.2.1-1002/support/lib/phusion_passenger/rack/application_spawner.rb:170:in `block in handle_spawn_application'
	from /home/nnoe/.passenger/standalone/3.0.8-x86_64-ruby1.9.2-freebsd8.2-gcc4.2.1-1002/support/lib/phusion_passenger/utils.rb:479:in `safe_fork'
	from /home/nnoe/.passenger/standalone/3.0.8-x86_64-ruby1.9.2-freebsd8.2-gcc4.2.1-1002/support/lib/phusion_passenger/rack/application_spawner.rb:165:in `handle_spawn_application'
	from /home/nnoe/.passenger/standalone/3.0.8-x86_64-ruby1.9.2-freebsd8.2-gcc4.2.1-1002/support/lib/phusion_passenger/abstract_server.rb:357:in `server_main_loop'
	from /home/nnoe/.passenger/standalone/3.0.8-x86_64-ruby1.9.2-freebsd8.2-gcc4.2.1-1002/support/lib/phusion_passenger/abstract_server.rb:206:in `start_synchronously'
	from /home/nnoe/.passenger/standalone/3.0.8-x86_64-ruby1.9.2-freebsd8.2-gcc4.2.1-1002/support/lib/phusion_passenger/abstract_server.rb:180:in `start'
	from /home/nnoe/.passenger/standalone/3.0.8-x86_64-ruby1.9.2-freebsd8.2-gcc4.2.1-1002/support/lib/phusion_passenger/rack/application_spawner.rb:128:in `start'
	from /home/nnoe/.passenger/standalone/3.0.8-x86_64-ruby1.9.2-freebsd8.2-gcc4.2.1-1002/support/lib/phusion_passenger/spawn_manager.rb:253:in `block (2 levels) in spawn_rack_application'
	from /home/nnoe/.passenger/standalone/3.0.8-x86_64-ruby1.9.2-freebsd8.2-gcc4.2.1-1002/support/lib/phusion_passenger/abstract_server_collection.rb:132:in `lookup_or_add'
	from /home/nnoe/.passenger/standalone/3.0.8-x86_64-ruby1.9.2-freebsd8.2-gcc4.2.1-1002/support/lib/phusion_passenger/spawn_manager.rb:246:in `block in spawn_rack_application'
	from /home/nnoe/.passenger/standalone/3.0.8-x86_64-ruby1.9.2-freebsd8.2-gcc4.2.1-1002/support/lib/phusion_passenger/abstract_server_collection.rb:82:in `block in synchronize'
	from <internal:prelude>:10:in `synchronize'
	from /home/nnoe/.passenger/standalone/3.0.8-x86_64-ruby1.9.2-freebsd8.2-gcc4.2.1-1002/support/lib/phusion_passenger/abstract_server_collection.rb:79:in `synchronize'
	from /home/nnoe/.passenger/standalone/3.0.8-x86_64-ruby1.9.2-freebsd8.2-gcc4.2.1-1002/support/lib/phusion_passenger/spawn_manager.rb:244:in `spawn_rack_application'
	from /home/nnoe/.passenger/standalone/3.0.8-x86_64-ruby1.9.2-freebsd8.2-gcc4.2.1-1002/support/lib/phusion_passenger/spawn_manager.rb:137:in `spawn_application'
	from /home/nnoe/.passenger/standalone/3.0.8-x86_64-ruby1.9.2-freebsd8.2-gcc4.2.1-1002/support/lib/phusion_passenger/spawn_manager.rb:275:in `handle_spawn_application'
	from /home/nnoe/.passenger/standalone/3.0.8-x86_64-ruby1.9.2-freebsd8.2-gcc4.2.1-1002/support/lib/phusion_passenger/abstract_server.rb:357:in `server_main_loop'
	from /home/nnoe/.passenger/standalone/3.0.8-x86_64-ruby1.9.2-freebsd8.2-gcc4.2.1-1002/support/lib/phusion_passenger/abstract_server.rb:206:in `start_synchronously'
	from /home/nnoe/.passenger/standalone/3.0.8-x86_64-ruby1.9.2-freebsd8.2-gcc4.2.1-1002/support/helper-scripts/passenger-spawn-server:99:in `<main>'
2011/08/24 15:39:26 [error] 30599#0: *6 upstream prematurely closed connection while reading response header from upstream, client: 10.0.0.9, server: _, request: "GET /ifbl/ HTTP/1.1", upstream: "passenger:unix:/passenger_helper_server:", host: "home.bebif.be"
[ pid=30627 thr=17189069660 file=utils.rb:176 time=2011-08-24 15:39:26.476 ]: *** Exception ArgumentError in application (wrong number of arguments (1 for 0)) (process 30627, thread #<Thread:0x0000080118c6b8>):
	from /home/nnoe/.rvm/gems/ruby-1.9.2-p180@ifblserver/gems/actionpack-3.0.7/lib/action_controller/deprecated/base.rb:11:in `relative_url_root='
	from /home/nnoe/.rvm/gems/ruby-1.9.2-p180@ifblserver/gems/actionpack-3.0.7/lib/action_controller/railtie.rb:54:in `block (3 levels) in <class:Railtie>'
	from /home/nnoe/.rvm/gems/ruby-1.9.2-p180@ifblserver/gems/actionpack-3.0.7/lib/action_controller/railtie.rb:54:in `each'
	from /home/nnoe/.rvm/gems/ruby-1.9.2-p180@ifblserver/gems/actionpack-3.0.7/lib/action_controller/railtie.rb:54:in `block (2 levels) in <class:Railtie>'
	from /home/nnoe/.rvm/gems/ruby-1.9.2-p180@ifblserver/gems/activesupport-3.0.7/lib/active_support/lazy_load_hooks.rb:36:in `instance_eval'
	from /home/nnoe/.rvm/gems/ruby-1.9.2-p180@ifblserver/gems/activesupport-3.0.7/lib/active_support/lazy_load_hooks.rb:36:in `execute_hook'
	from /home/nnoe/.rvm/gems/ruby-1.9.2-p180@ifblserver/gems/activesupport-3.0.7/lib/active_support/lazy_load_hooks.rb:43:in `block in run_load_hooks'
	from /home/nnoe/.rvm/gems/ruby-1.9.2-p180@ifblserver/gems/activesupport-3.0.7/lib/active_support/lazy_load_hooks.rb:42:in `each'
	from /home/nnoe/.rvm/gems/ruby-1.9.2-p180@ifblserver/gems/activesupport-3.0.7/lib/active_support/lazy_load_hooks.rb:42:in `run_load_hooks'
	from /home/nnoe/.rvm/gems/ruby-1.9.2-p180@ifblserver/gems/actionpack-3.0.7/lib/action_controller/base.rb:232:in `<class:Base>'
	from /home/nnoe/.rvm/gems/ruby-1.9.2-p180@ifblserver/gems/actionpack-3.0.7/lib/action_controller/base.rb:169:in `<module:ActionController>'
	from /home/nnoe/.rvm/gems/ruby-1.9.2-p180@ifblserver/gems/actionpack-3.0.7/lib/action_controller/base.rb:3:in `<top (required)>'
	from /home/nnoe/.rvm/gems/ruby-1.9.2-p180@ifblserver/gems/actionpack-3.0.7/lib/action_dispatch/middleware/static.rb:21:in `call'
	from /home/nnoe/.rvm/gems/ruby-1.9.2-p180@ifblserver/gems/railties-3.0.7/lib/rails/application.rb:168:in `call'
	from /home/nnoe/.rvm/gems/ruby-1.9.2-p180@ifblserver/gems/railties-3.0.7/lib/rails/application.rb:77:in `method_missing'
	from /home/nnoe/.passenger/standalone/3.0.8-x86_64-ruby1.9.2-freebsd8.2-gcc4.2.1-1002/support/lib/phusion_passenger/rack/request_handler.rb:96:in `process_request'
	from /home/nnoe/.passenger/standalone/3.0.8-x86_64-ruby1.9.2-freebsd8.2-gcc4.2.1-1002/support/lib/phusion_passenger/abstract_request_handler.rb:513:in `accept_and_process_next_request'
	from /home/nnoe/.passenger/standalone/3.0.8-x86_64-ruby1.9.2-freebsd8.2-gcc4.2.1-1002/support/lib/phusion_passenger/abstract_request_handler.rb:274:in `main_loop'
	from /home/nnoe/.passenger/standalone/3.0.8-x86_64-ruby1.9.2-freebsd8.2-gcc4.2.1-1002/support/lib/phusion_passenger/rack/application_spawner.rb:205:in `start_request_handler'
	from /home/nnoe/.passenger/standalone/3.0.8-x86_64-ruby1.9.2-freebsd8.2-gcc4.2.1-1002/support/lib/phusion_passenger/rack/application_spawner.rb:170:in `block in handle_spawn_application'
	from /home/nnoe/.passenger/standalone/3.0.8-x86_64-ruby1.9.2-freebsd8.2-gcc4.2.1-1002/support/lib/phusion_passenger/utils.rb:479:in `safe_fork'
	from /home/nnoe/.passenger/standalone/3.0.8-x86_64-ruby1.9.2-freebsd8.2-gcc4.2.1-1002/support/lib/phusion_passenger/rack/application_spawner.rb:165:in `handle_spawn_application'
	from /home/nnoe/.passenger/standalone/3.0.8-x86_64-ruby1.9.2-freebsd8.2-gcc4.2.1-1002/support/lib/phusion_passenger/abstract_server.rb:357:in `server_main_loop'
	from /home/nnoe/.passenger/standalone/3.0.8-x86_64-ruby1.9.2-freebsd8.2-gcc4.2.1-1002/support/lib/phusion_passenger/abstract_server.rb:206:in `start_synchronously'
	from /home/nnoe/.passenger/standalone/3.0.8-x86_64-ruby1.9.2-freebsd8.2-gcc4.2.1-1002/support/lib/phusion_passenger/abstract_server.rb:180:in `start'
	from /home/nnoe/.passenger/standalone/3.0.8-x86_64-ruby1.9.2-freebsd8.2-gcc4.2.1-1002/support/lib/phusion_passenger/rack/application_spawner.rb:128:in `start'
	from /home/nnoe/.passenger/standalone/3.0.8-x86_64-ruby1.9.2-freebsd8.2-gcc4.2.1-1002/support/lib/phusion_passenger/spawn_manager.rb:253:in `block (2 levels) in spawn_rack_application'
	from /home/nnoe/.passenger/standalone/3.0.8-x86_64-ruby1.9.2-freebsd8.2-gcc4.2.1-1002/support/lib/phusion_passenger/abstract_server_collection.rb:132:in `lookup_or_add'
	from /home/nnoe/.passenger/standalone/3.0.8-x86_64-ruby1.9.2-freebsd8.2-gcc4.2.1-1002/support/lib/phusion_passenger/spawn_manager.rb:246:in `block in spawn_rack_application'
	from /home/nnoe/.passenger/standalone/3.0.8-x86_64-ruby1.9.2-freebsd8.2-gcc4.2.1-1002/support/lib/phusion_passenger/abstract_server_collection.rb:82:in `block in synchronize'
	from <internal:prelude>:10:in `synchronize'
	from /home/nnoe/.passenger/standalone/3.0.8-x86_64-ruby1.9.2-freebsd8.2-gcc4.2.1-1002/support/lib/phusion_passenger/abstract_server_collection.rb:79:in `synchronize'
	from /home/nnoe/.passenger/standalone/3.0.8-x86_64-ruby1.9.2-freebsd8.2-gcc4.2.1-1002/support/lib/phusion_passenger/spawn_manager.rb:244:in `spawn_rack_application'
	from /home/nnoe/.passenger/standalone/3.0.8-x86_64-ruby1.9.2-freebsd8.2-gcc4.2.1-1002/support/lib/phusion_passenger/spawn_manager.rb:137:in `spawn_application'
	from /home/nnoe/.passenger/standalone/3.0.8-x86_64-ruby1.9.2-freebsd8.2-gcc4.2.1-1002/support/lib/phusion_passenger/spawn_manager.rb:275:in `handle_spawn_application'
	from /home/nnoe/.passenger/standalone/3.0.8-x86_64-ruby1.9.2-freebsd8.2-gcc4.2.1-1002/support/lib/phusion_passenger/abstract_server.rb:357:in `server_main_loop'
	from /home/nnoe/.passenger/standalone/3.0.8-x86_64-ruby1.9.2-freebsd8.2-gcc4.2.1-1002/support/lib/phusion_passenger/abstract_server.rb:206:in `start_synchronously'
	from /home/nnoe/.passenger/standalone/3.0.8-x86_64-ruby1.9.2-freebsd8.2-gcc4.2.1-1002/support/helper-scripts/passenger-spawn-server:99:in `<main>'
2011/08/24 15:42:13 [error] 30787#0: *4 upstream prematurely closed connection while reading response header from upstream, client: 127.0.0.1, server: _, request: "HEAD / HTTP/1.1", upstream: "passenger:unix:/passenger_helper_server:", host: "0.0.0.0"
[ pid=30798 thr=17189069660 file=utils.rb:176 time=2011-08-24 15:42:13.289 ]: *** Exception ArgumentError in application (wrong number of arguments (1 for 0)) (process 30798, thread #<Thread:0x0000080118c6b8>):
	from /home/nnoe/.rvm/gems/ruby-1.9.2-p180@ifblserver/gems/actionpack-3.0.7/lib/action_controller/deprecated/base.rb:11:in `relative_url_root='
	from /home/nnoe/.rvm/gems/ruby-1.9.2-p180@ifblserver/gems/actionpack-3.0.7/lib/action_controller/railtie.rb:54:in `block (3 levels) in <class:Railtie>'
	from /home/nnoe/.rvm/gems/ruby-1.9.2-p180@ifblserver/gems/actionpack-3.0.7/lib/action_controller/railtie.rb:54:in `each'
	from /home/nnoe/.rvm/gems/ruby-1.9.2-p180@ifblserver/gems/actionpack-3.0.7/lib/action_controller/railtie.rb:54:in `block (2 levels) in <class:Railtie>'
	from /home/nnoe/.rvm/gems/ruby-1.9.2-p180@ifblserver/gems/activesupport-3.0.7/lib/active_support/lazy_load_hooks.rb:36:in `instance_eval'
	from /home/nnoe/.rvm/gems/ruby-1.9.2-p180@ifblserver/gems/activesupport-3.0.7/lib/active_support/lazy_load_hooks.rb:36:in `execute_hook'
	from /home/nnoe/.rvm/gems/ruby-1.9.2-p180@ifblserver/gems/activesupport-3.0.7/lib/active_support/lazy_load_hooks.rb:43:in `block in run_load_hooks'
	from /home/nnoe/.rvm/gems/ruby-1.9.2-p180@ifblserver/gems/activesupport-3.0.7/lib/active_support/lazy_load_hooks.rb:42:in `each'
	from /home/nnoe/.rvm/gems/ruby-1.9.2-p180@ifblserver/gems/activesupport-3.0.7/lib/active_support/lazy_load_hooks.rb:42:in `run_load_hooks'
	from /home/nnoe/.rvm/gems/ruby-1.9.2-p180@ifblserver/gems/actionpack-3.0.7/lib/action_controller/base.rb:232:in `<class:Base>'
	from /home/nnoe/.rvm/gems/ruby-1.9.2-p180@ifblserver/gems/actionpack-3.0.7/lib/action_controller/base.rb:169:in `<module:ActionController>'
	from /home/nnoe/.rvm/gems/ruby-1.9.2-p180@ifblserver/gems/actionpack-3.0.7/lib/action_controller/base.rb:3:in `<top (required)>'
	from /home/nnoe/.rvm/gems/ruby-1.9.2-p180@ifblserver/gems/actionpack-3.0.7/lib/action_dispatch/middleware/static.rb:21:in `call'
	from /home/nnoe/.rvm/gems/ruby-1.9.2-p180@ifblserver/gems/railties-3.0.7/lib/rails/application.rb:168:in `call'
	from /home/nnoe/.rvm/gems/ruby-1.9.2-p180@ifblserver/gems/railties-3.0.7/lib/rails/application.rb:77:in `method_missing'
	from /home/nnoe/.passenger/standalone/3.0.8-x86_64-ruby1.9.2-freebsd8.2-gcc4.2.1-1002/support/lib/phusion_passenger/rack/request_handler.rb:96:in `process_request'
	from /home/nnoe/.passenger/standalone/3.0.8-x86_64-ruby1.9.2-freebsd8.2-gcc4.2.1-1002/support/lib/phusion_passenger/abstract_request_handler.rb:513:in `accept_and_process_next_request'
	from /home/nnoe/.passenger/standalone/3.0.8-x86_64-ruby1.9.2-freebsd8.2-gcc4.2.1-1002/support/lib/phusion_passenger/abstract_request_handler.rb:274:in `main_loop'
	from /home/nnoe/.passenger/standalone/3.0.8-x86_64-ruby1.9.2-freebsd8.2-gcc4.2.1-1002/support/lib/phusion_passenger/rack/application_spawner.rb:205:in `start_request_handler'
	from /home/nnoe/.passenger/standalone/3.0.8-x86_64-ruby1.9.2-freebsd8.2-gcc4.2.1-1002/support/lib/phusion_passenger/rack/application_spawner.rb:170:in `block in handle_spawn_application'
	from /home/nnoe/.passenger/standalone/3.0.8-x86_64-ruby1.9.2-freebsd8.2-gcc4.2.1-1002/support/lib/phusion_passenger/utils.rb:479:in `safe_fork'
	from /home/nnoe/.passenger/standalone/3.0.8-x86_64-ruby1.9.2-freebsd8.2-gcc4.2.1-1002/support/lib/phusion_passenger/rack/application_spawner.rb:165:in `handle_spawn_application'
	from /home/nnoe/.passenger/standalone/3.0.8-x86_64-ruby1.9.2-freebsd8.2-gcc4.2.1-1002/support/lib/phusion_passenger/abstract_server.rb:357:in `server_main_loop'
	from /home/nnoe/.passenger/standalone/3.0.8-x86_64-ruby1.9.2-freebsd8.2-gcc4.2.1-1002/support/lib/phusion_passenger/abstract_server.rb:206:in `start_synchronously'
	from /home/nnoe/.passenger/standalone/3.0.8-x86_64-ruby1.9.2-freebsd8.2-gcc4.2.1-1002/support/lib/phusion_passenger/abstract_server.rb:180:in `start'
	from /home/nnoe/.passenger/standalone/3.0.8-x86_64-ruby1.9.2-freebsd8.2-gcc4.2.1-1002/support/lib/phusion_passenger/rack/application_spawner.rb:128:in `start'
	from /home/nnoe/.passenger/standalone/3.0.8-x86_64-ruby1.9.2-freebsd8.2-gcc4.2.1-1002/support/lib/phusion_passenger/spawn_manager.rb:253:in `block (2 levels) in spawn_rack_application'
	from /home/nnoe/.passenger/standalone/3.0.8-x86_64-ruby1.9.2-freebsd8.2-gcc4.2.1-1002/support/lib/phusion_passenger/abstract_server_collection.rb:132:in `lookup_or_add'
	from /home/nnoe/.passenger/standalone/3.0.8-x86_64-ruby1.9.2-freebsd8.2-gcc4.2.1-1002/support/lib/phusion_passenger/spawn_manager.rb:246:in `block in spawn_rack_application'
	from /home/nnoe/.passenger/standalone/3.0.8-x86_64-ruby1.9.2-freebsd8.2-gcc4.2.1-1002/support/lib/phusion_passenger/abstract_server_collection.rb:82:in `block in synchronize'
	from <internal:prelude>:10:in `synchronize'
	from /home/nnoe/.passenger/standalone/3.0.8-x86_64-ruby1.9.2-freebsd8.2-gcc4.2.1-1002/support/lib/phusion_passenger/abstract_server_collection.rb:79:in `synchronize'
	from /home/nnoe/.passenger/standalone/3.0.8-x86_64-ruby1.9.2-freebsd8.2-gcc4.2.1-1002/support/lib/phusion_passenger/spawn_manager.rb:244:in `spawn_rack_application'
	from /home/nnoe/.passenger/standalone/3.0.8-x86_64-ruby1.9.2-freebsd8.2-gcc4.2.1-1002/support/lib/phusion_passenger/spawn_manager.rb:137:in `spawn_application'
	from /home/nnoe/.passenger/standalone/3.0.8-x86_64-ruby1.9.2-freebsd8.2-gcc4.2.1-1002/support/lib/phusion_passenger/spawn_manager.rb:275:in `handle_spawn_application'
	from /home/nnoe/.passenger/standalone/3.0.8-x86_64-ruby1.9.2-freebsd8.2-gcc4.2.1-1002/support/lib/phusion_passenger/abstract_server.rb:357:in `server_main_loop'
	from /home/nnoe/.passenger/standalone/3.0.8-x86_64-ruby1.9.2-freebsd8.2-gcc4.2.1-1002/support/lib/phusion_passenger/abstract_server.rb:206:in `start_synchronously'
	from /home/nnoe/.passenger/standalone/3.0.8-x86_64-ruby1.9.2-freebsd8.2-gcc4.2.1-1002/support/helper-scripts/passenger-spawn-server:99:in `<main>'
2011/08/24 15:42:13 [error] 30787#0: *6 upstream prematurely closed connection while reading response header from upstream, client: 10.0.0.9, server: _, request: "GET /ifbl/ HTTP/1.1", upstream: "passenger:unix:/passenger_helper_server:", host: "home.bebif.be"
[ pid=30802 thr=17189069660 file=utils.rb:176 time=2011-08-24 15:42:13.650 ]: *** Exception ArgumentError in application (wrong number of arguments (1 for 0)) (process 30802, thread #<Thread:0x0000080118c6b8>):
	from /home/nnoe/.rvm/gems/ruby-1.9.2-p180@ifblserver/gems/actionpack-3.0.7/lib/action_controller/deprecated/base.rb:11:in `relative_url_root='
	from /home/nnoe/.rvm/gems/ruby-1.9.2-p180@ifblserver/gems/actionpack-3.0.7/lib/action_controller/railtie.rb:54:in `block (3 levels) in <class:Railtie>'
	from /home/nnoe/.rvm/gems/ruby-1.9.2-p180@ifblserver/gems/actionpack-3.0.7/lib/action_controller/railtie.rb:54:in `each'
	from /home/nnoe/.rvm/gems/ruby-1.9.2-p180@ifblserver/gems/actionpack-3.0.7/lib/action_controller/railtie.rb:54:in `block (2 levels) in <class:Railtie>'
	from /home/nnoe/.rvm/gems/ruby-1.9.2-p180@ifblserver/gems/activesupport-3.0.7/lib/active_support/lazy_load_hooks.rb:36:in `instance_eval'
	from /home/nnoe/.rvm/gems/ruby-1.9.2-p180@ifblserver/gems/activesupport-3.0.7/lib/active_support/lazy_load_hooks.rb:36:in `execute_hook'
	from /home/nnoe/.rvm/gems/ruby-1.9.2-p180@ifblserver/gems/activesupport-3.0.7/lib/active_support/lazy_load_hooks.rb:43:in `block in run_load_hooks'
	from /home/nnoe/.rvm/gems/ruby-1.9.2-p180@ifblserver/gems/activesupport-3.0.7/lib/active_support/lazy_load_hooks.rb:42:in `each'
	from /home/nnoe/.rvm/gems/ruby-1.9.2-p180@ifblserver/gems/activesupport-3.0.7/lib/active_support/lazy_load_hooks.rb:42:in `run_load_hooks'
	from /home/nnoe/.rvm/gems/ruby-1.9.2-p180@ifblserver/gems/actionpack-3.0.7/lib/action_controller/base.rb:232:in `<class:Base>'
	from /home/nnoe/.rvm/gems/ruby-1.9.2-p180@ifblserver/gems/actionpack-3.0.7/lib/action_controller/base.rb:169:in `<module:ActionController>'
	from /home/nnoe/.rvm/gems/ruby-1.9.2-p180@ifblserver/gems/actionpack-3.0.7/lib/action_controller/base.rb:3:in `<top (required)>'
	from /home/nnoe/.rvm/gems/ruby-1.9.2-p180@ifblserver/gems/actionpack-3.0.7/lib/action_dispatch/middleware/static.rb:21:in `call'
	from /home/nnoe/.rvm/gems/ruby-1.9.2-p180@ifblserver/gems/railties-3.0.7/lib/rails/application.rb:168:in `call'
	from /home/nnoe/.rvm/gems/ruby-1.9.2-p180@ifblserver/gems/railties-3.0.7/lib/rails/application.rb:77:in `method_missing'
	from /home/nnoe/.passenger/standalone/3.0.8-x86_64-ruby1.9.2-freebsd8.2-gcc4.2.1-1002/support/lib/phusion_passenger/rack/request_handler.rb:96:in `process_request'
	from /home/nnoe/.passenger/standalone/3.0.8-x86_64-ruby1.9.2-freebsd8.2-gcc4.2.1-1002/support/lib/phusion_passenger/abstract_request_handler.rb:513:in `accept_and_process_next_request'
	from /home/nnoe/.passenger/standalone/3.0.8-x86_64-ruby1.9.2-freebsd8.2-gcc4.2.1-1002/support/lib/phusion_passenger/abstract_request_handler.rb:274:in `main_loop'
	from /home/nnoe/.passenger/standalone/3.0.8-x86_64-ruby1.9.2-freebsd8.2-gcc4.2.1-1002/support/lib/phusion_passenger/rack/application_spawner.rb:205:in `start_request_handler'
	from /home/nnoe/.passenger/standalone/3.0.8-x86_64-ruby1.9.2-freebsd8.2-gcc4.2.1-1002/support/lib/phusion_passenger/rack/application_spawner.rb:170:in `block in handle_spawn_application'
	from /home/nnoe/.passenger/standalone/3.0.8-x86_64-ruby1.9.2-freebsd8.2-gcc4.2.1-1002/support/lib/phusion_passenger/utils.rb:479:in `safe_fork'
	from /home/nnoe/.passenger/standalone/3.0.8-x86_64-ruby1.9.2-freebsd8.2-gcc4.2.1-1002/support/lib/phusion_passenger/rack/application_spawner.rb:165:in `handle_spawn_application'
	from /home/nnoe/.passenger/standalone/3.0.8-x86_64-ruby1.9.2-freebsd8.2-gcc4.2.1-1002/support/lib/phusion_passenger/abstract_server.rb:357:in `server_main_loop'
	from /home/nnoe/.passenger/standalone/3.0.8-x86_64-ruby1.9.2-freebsd8.2-gcc4.2.1-1002/support/lib/phusion_passenger/abstract_server.rb:206:in `start_synchronously'
	from /home/nnoe/.passenger/standalone/3.0.8-x86_64-ruby1.9.2-freebsd8.2-gcc4.2.1-1002/support/lib/phusion_passenger/abstract_server.rb:180:in `start'
	from /home/nnoe/.passenger/standalone/3.0.8-x86_64-ruby1.9.2-freebsd8.2-gcc4.2.1-1002/support/lib/phusion_passenger/rack/application_spawner.rb:128:in `start'
	from /home/nnoe/.passenger/standalone/3.0.8-x86_64-ruby1.9.2-freebsd8.2-gcc4.2.1-1002/support/lib/phusion_passenger/spawn_manager.rb:253:in `block (2 levels) in spawn_rack_application'
	from /home/nnoe/.passenger/standalone/3.0.8-x86_64-ruby1.9.2-freebsd8.2-gcc4.2.1-1002/support/lib/phusion_passenger/abstract_server_collection.rb:132:in `lookup_or_add'
	from /home/nnoe/.passenger/standalone/3.0.8-x86_64-ruby1.9.2-freebsd8.2-gcc4.2.1-1002/support/lib/phusion_passenger/spawn_manager.rb:246:in `block in spawn_rack_application'
	from /home/nnoe/.passenger/standalone/3.0.8-x86_64-ruby1.9.2-freebsd8.2-gcc4.2.1-1002/support/lib/phusion_passenger/abstract_server_collection.rb:82:in `block in synchronize'
	from <internal:prelude>:10:in `synchronize'
	from /home/nnoe/.passenger/standalone/3.0.8-x86_64-ruby1.9.2-freebsd8.2-gcc4.2.1-1002/support/lib/phusion_passenger/abstract_server_collection.rb:79:in `synchronize'
	from /home/nnoe/.passenger/standalone/3.0.8-x86_64-ruby1.9.2-freebsd8.2-gcc4.2.1-1002/support/lib/phusion_passenger/spawn_manager.rb:244:in `spawn_rack_application'
	from /home/nnoe/.passenger/standalone/3.0.8-x86_64-ruby1.9.2-freebsd8.2-gcc4.2.1-1002/support/lib/phusion_passenger/spawn_manager.rb:137:in `spawn_application'
	from /home/nnoe/.passenger/standalone/3.0.8-x86_64-ruby1.9.2-freebsd8.2-gcc4.2.1-1002/support/lib/phusion_passenger/spawn_manager.rb:275:in `handle_spawn_application'
	from /home/nnoe/.passenger/standalone/3.0.8-x86_64-ruby1.9.2-freebsd8.2-gcc4.2.1-1002/support/lib/phusion_passenger/abstract_server.rb:357:in `server_main_loop'
	from /home/nnoe/.passenger/standalone/3.0.8-x86_64-ruby1.9.2-freebsd8.2-gcc4.2.1-1002/support/lib/phusion_passenger/abstract_server.rb:206:in `start_synchronously'
	from /home/nnoe/.passenger/standalone/3.0.8-x86_64-ruby1.9.2-freebsd8.2-gcc4.2.1-1002/support/helper-scripts/passenger-spawn-server:99:in `<main>'
2011/08/24 15:42:15 [error] 30787#0: *6 upstream prematurely closed connection while reading response header from upstream, client: 10.0.0.9, server: _, request: "GET /ifbl/ HTTP/1.1", upstream: "passenger:unix:/passenger_helper_server:", host: "home.bebif.be"
[ pid=30805 thr=17189069660 file=utils.rb:176 time=2011-08-24 15:42:15.396 ]: *** Exception ArgumentError in application (wrong number of arguments (1 for 0)) (process 30805, thread #<Thread:0x0000080118c6b8>):
	from /home/nnoe/.rvm/gems/ruby-1.9.2-p180@ifblserver/gems/actionpack-3.0.7/lib/action_controller/deprecated/base.rb:11:in `relative_url_root='
	from /home/nnoe/.rvm/gems/ruby-1.9.2-p180@ifblserver/gems/actionpack-3.0.7/lib/action_controller/railtie.rb:54:in `block (3 levels) in <class:Railtie>'
	from /home/nnoe/.rvm/gems/ruby-1.9.2-p180@ifblserver/gems/actionpack-3.0.7/lib/action_controller/railtie.rb:54:in `each'
	from /home/nnoe/.rvm/gems/ruby-1.9.2-p180@ifblserver/gems/actionpack-3.0.7/lib/action_controller/railtie.rb:54:in `block (2 levels) in <class:Railtie>'
	from /home/nnoe/.rvm/gems/ruby-1.9.2-p180@ifblserver/gems/activesupport-3.0.7/lib/active_support/lazy_load_hooks.rb:36:in `instance_eval'
	from /home/nnoe/.rvm/gems/ruby-1.9.2-p180@ifblserver/gems/activesupport-3.0.7/lib/active_support/lazy_load_hooks.rb:36:in `execute_hook'
	from /home/nnoe/.rvm/gems/ruby-1.9.2-p180@ifblserver/gems/activesupport-3.0.7/lib/active_support/lazy_load_hooks.rb:43:in `block in run_load_hooks'
	from /home/nnoe/.rvm/gems/ruby-1.9.2-p180@ifblserver/gems/activesupport-3.0.7/lib/active_support/lazy_load_hooks.rb:42:in `each'
	from /home/nnoe/.rvm/gems/ruby-1.9.2-p180@ifblserver/gems/activesupport-3.0.7/lib/active_support/lazy_load_hooks.rb:42:in `run_load_hooks'
	from /home/nnoe/.rvm/gems/ruby-1.9.2-p180@ifblserver/gems/actionpack-3.0.7/lib/action_controller/base.rb:232:in `<class:Base>'
	from /home/nnoe/.rvm/gems/ruby-1.9.2-p180@ifblserver/gems/actionpack-3.0.7/lib/action_controller/base.rb:169:in `<module:ActionController>'
	from /home/nnoe/.rvm/gems/ruby-1.9.2-p180@ifblserver/gems/actionpack-3.0.7/lib/action_controller/base.rb:3:in `<top (required)>'
	from /home/nnoe/.rvm/gems/ruby-1.9.2-p180@ifblserver/gems/actionpack-3.0.7/lib/action_dispatch/middleware/static.rb:21:in `call'
	from /home/nnoe/.rvm/gems/ruby-1.9.2-p180@ifblserver/gems/railties-3.0.7/lib/rails/application.rb:168:in `call'
	from /home/nnoe/.rvm/gems/ruby-1.9.2-p180@ifblserver/gems/railties-3.0.7/lib/rails/application.rb:77:in `method_missing'
	from /home/nnoe/.passenger/standalone/3.0.8-x86_64-ruby1.9.2-freebsd8.2-gcc4.2.1-1002/support/lib/phusion_passenger/rack/request_handler.rb:96:in `process_request'
	from /home/nnoe/.passenger/standalone/3.0.8-x86_64-ruby1.9.2-freebsd8.2-gcc4.2.1-1002/support/lib/phusion_passenger/abstract_request_handler.rb:513:in `accept_and_process_next_request'
	from /home/nnoe/.passenger/standalone/3.0.8-x86_64-ruby1.9.2-freebsd8.2-gcc4.2.1-1002/support/lib/phusion_passenger/abstract_request_handler.rb:274:in `main_loop'
	from /home/nnoe/.passenger/standalone/3.0.8-x86_64-ruby1.9.2-freebsd8.2-gcc4.2.1-1002/support/lib/phusion_passenger/rack/application_spawner.rb:205:in `start_request_handler'
	from /home/nnoe/.passenger/standalone/3.0.8-x86_64-ruby1.9.2-freebsd8.2-gcc4.2.1-1002/support/lib/phusion_passenger/rack/application_spawner.rb:170:in `block in handle_spawn_application'
	from /home/nnoe/.passenger/standalone/3.0.8-x86_64-ruby1.9.2-freebsd8.2-gcc4.2.1-1002/support/lib/phusion_passenger/utils.rb:479:in `safe_fork'
	from /home/nnoe/.passenger/standalone/3.0.8-x86_64-ruby1.9.2-freebsd8.2-gcc4.2.1-1002/support/lib/phusion_passenger/rack/application_spawner.rb:165:in `handle_spawn_application'
	from /home/nnoe/.passenger/standalone/3.0.8-x86_64-ruby1.9.2-freebsd8.2-gcc4.2.1-1002/support/lib/phusion_passenger/abstract_server.rb:357:in `server_main_loop'
	from /home/nnoe/.passenger/standalone/3.0.8-x86_64-ruby1.9.2-freebsd8.2-gcc4.2.1-1002/support/lib/phusion_passenger/abstract_server.rb:206:in `start_synchronously'
	from /home/nnoe/.passenger/standalone/3.0.8-x86_64-ruby1.9.2-freebsd8.2-gcc4.2.1-1002/support/lib/phusion_passenger/abstract_server.rb:180:in `start'
	from /home/nnoe/.passenger/standalone/3.0.8-x86_64-ruby1.9.2-freebsd8.2-gcc4.2.1-1002/support/lib/phusion_passenger/rack/application_spawner.rb:128:in `start'
	from /home/nnoe/.passenger/standalone/3.0.8-x86_64-ruby1.9.2-freebsd8.2-gcc4.2.1-1002/support/lib/phusion_passenger/spawn_manager.rb:253:in `block (2 levels) in spawn_rack_application'
	from /home/nnoe/.passenger/standalone/3.0.8-x86_64-ruby1.9.2-freebsd8.2-gcc4.2.1-1002/support/lib/phusion_passenger/abstract_server_collection.rb:132:in `lookup_or_add'
	from /home/nnoe/.passenger/standalone/3.0.8-x86_64-ruby1.9.2-freebsd8.2-gcc4.2.1-1002/support/lib/phusion_passenger/spawn_manager.rb:246:in `block in spawn_rack_application'
	from /home/nnoe/.passenger/standalone/3.0.8-x86_64-ruby1.9.2-freebsd8.2-gcc4.2.1-1002/support/lib/phusion_passenger/abstract_server_collection.rb:82:in `block in synchronize'
	from <internal:prelude>:10:in `synchronize'
	from /home/nnoe/.passenger/standalone/3.0.8-x86_64-ruby1.9.2-freebsd8.2-gcc4.2.1-1002/support/lib/phusion_passenger/abstract_server_collection.rb:79:in `synchronize'
	from /home/nnoe/.passenger/standalone/3.0.8-x86_64-ruby1.9.2-freebsd8.2-gcc4.2.1-1002/support/lib/phusion_passenger/spawn_manager.rb:244:in `spawn_rack_application'
	from /home/nnoe/.passenger/standalone/3.0.8-x86_64-ruby1.9.2-freebsd8.2-gcc4.2.1-1002/support/lib/phusion_passenger/spawn_manager.rb:137:in `spawn_application'
	from /home/nnoe/.passenger/standalone/3.0.8-x86_64-ruby1.9.2-freebsd8.2-gcc4.2.1-1002/support/lib/phusion_passenger/spawn_manager.rb:275:in `handle_spawn_application'
	from /home/nnoe/.passenger/standalone/3.0.8-x86_64-ruby1.9.2-freebsd8.2-gcc4.2.1-1002/support/lib/phusion_passenger/abstract_server.rb:357:in `server_main_loop'
	from /home/nnoe/.passenger/standalone/3.0.8-x86_64-ruby1.9.2-freebsd8.2-gcc4.2.1-1002/support/lib/phusion_passenger/abstract_server.rb:206:in `start_synchronously'
	from /home/nnoe/.passenger/standalone/3.0.8-x86_64-ruby1.9.2-freebsd8.2-gcc4.2.1-1002/support/helper-scripts/passenger-spawn-server:99:in `<main>'
2011/08/24 15:42:17 [error] 30787#0: *6 upstream prematurely closed connection while reading response header from upstream, client: 10.0.0.9, server: _, request: "GET /ifbl/ HTTP/1.1", upstream: "passenger:unix:/passenger_helper_server:", host: "home.bebif.be"
[ pid=30809 thr=17189069660 file=utils.rb:176 time=2011-08-24 15:42:17.505 ]: *** Exception ArgumentError in application (wrong number of arguments (1 for 0)) (process 30809, thread #<Thread:0x0000080118c6b8>):
	from /home/nnoe/.rvm/gems/ruby-1.9.2-p180@ifblserver/gems/actionpack-3.0.7/lib/action_controller/deprecated/base.rb:11:in `relative_url_root='
	from /home/nnoe/.rvm/gems/ruby-1.9.2-p180@ifblserver/gems/actionpack-3.0.7/lib/action_controller/railtie.rb:54:in `block (3 levels) in <class:Railtie>'
	from /home/nnoe/.rvm/gems/ruby-1.9.2-p180@ifblserver/gems/actionpack-3.0.7/lib/action_controller/railtie.rb:54:in `each'
	from /home/nnoe/.rvm/gems/ruby-1.9.2-p180@ifblserver/gems/actionpack-3.0.7/lib/action_controller/railtie.rb:54:in `block (2 levels) in <class:Railtie>'
	from /home/nnoe/.rvm/gems/ruby-1.9.2-p180@ifblserver/gems/activesupport-3.0.7/lib/active_support/lazy_load_hooks.rb:36:in `instance_eval'
	from /home/nnoe/.rvm/gems/ruby-1.9.2-p180@ifblserver/gems/activesupport-3.0.7/lib/active_support/lazy_load_hooks.rb:36:in `execute_hook'
	from /home/nnoe/.rvm/gems/ruby-1.9.2-p180@ifblserver/gems/activesupport-3.0.7/lib/active_support/lazy_load_hooks.rb:43:in `block in run_load_hooks'
	from /home/nnoe/.rvm/gems/ruby-1.9.2-p180@ifblserver/gems/activesupport-3.0.7/lib/active_support/lazy_load_hooks.rb:42:in `each'
	from /home/nnoe/.rvm/gems/ruby-1.9.2-p180@ifblserver/gems/activesupport-3.0.7/lib/active_support/lazy_load_hooks.rb:42:in `run_load_hooks'
	from /home/nnoe/.rvm/gems/ruby-1.9.2-p180@ifblserver/gems/actionpack-3.0.7/lib/action_controller/base.rb:232:in `<class:Base>'
	from /home/nnoe/.rvm/gems/ruby-1.9.2-p180@ifblserver/gems/actionpack-3.0.7/lib/action_controller/base.rb:169:in `<module:ActionController>'
	from /home/nnoe/.rvm/gems/ruby-1.9.2-p180@ifblserver/gems/actionpack-3.0.7/lib/action_controller/base.rb:3:in `<top (required)>'
	from /home/nnoe/.rvm/gems/ruby-1.9.2-p180@ifblserver/gems/actionpack-3.0.7/lib/action_dispatch/middleware/static.rb:21:in `call'
	from /home/nnoe/.rvm/gems/ruby-1.9.2-p180@ifblserver/gems/railties-3.0.7/lib/rails/application.rb:168:in `call'
	from /home/nnoe/.rvm/gems/ruby-1.9.2-p180@ifblserver/gems/railties-3.0.7/lib/rails/application.rb:77:in `method_missing'
	from /home/nnoe/.passenger/standalone/3.0.8-x86_64-ruby1.9.2-freebsd8.2-gcc4.2.1-1002/support/lib/phusion_passenger/rack/request_handler.rb:96:in `process_request'
	from /home/nnoe/.passenger/standalone/3.0.8-x86_64-ruby1.9.2-freebsd8.2-gcc4.2.1-1002/support/lib/phusion_passenger/abstract_request_handler.rb:513:in `accept_and_process_next_request'
	from /home/nnoe/.passenger/standalone/3.0.8-x86_64-ruby1.9.2-freebsd8.2-gcc4.2.1-1002/support/lib/phusion_passenger/abstract_request_handler.rb:274:in `main_loop'
	from /home/nnoe/.passenger/standalone/3.0.8-x86_64-ruby1.9.2-freebsd8.2-gcc4.2.1-1002/support/lib/phusion_passenger/rack/application_spawner.rb:205:in `start_request_handler'
	from /home/nnoe/.passenger/standalone/3.0.8-x86_64-ruby1.9.2-freebsd8.2-gcc4.2.1-1002/support/lib/phusion_passenger/rack/application_spawner.rb:170:in `block in handle_spawn_application'
	from /home/nnoe/.passenger/standalone/3.0.8-x86_64-ruby1.9.2-freebsd8.2-gcc4.2.1-1002/support/lib/phusion_passenger/utils.rb:479:in `safe_fork'
	from /home/nnoe/.passenger/standalone/3.0.8-x86_64-ruby1.9.2-freebsd8.2-gcc4.2.1-1002/support/lib/phusion_passenger/rack/application_spawner.rb:165:in `handle_spawn_application'
	from /home/nnoe/.passenger/standalone/3.0.8-x86_64-ruby1.9.2-freebsd8.2-gcc4.2.1-1002/support/lib/phusion_passenger/abstract_server.rb:357:in `server_main_loop'
	from /home/nnoe/.passenger/standalone/3.0.8-x86_64-ruby1.9.2-freebsd8.2-gcc4.2.1-1002/support/lib/phusion_passenger/abstract_server.rb:206:in `start_synchronously'
	from /home/nnoe/.passenger/standalone/3.0.8-x86_64-ruby1.9.2-freebsd8.2-gcc4.2.1-1002/support/lib/phusion_passenger/abstract_server.rb:180:in `start'
	from /home/nnoe/.passenger/standalone/3.0.8-x86_64-ruby1.9.2-freebsd8.2-gcc4.2.1-1002/support/lib/phusion_passenger/rack/application_spawner.rb:128:in `start'
	from /home/nnoe/.passenger/standalone/3.0.8-x86_64-ruby1.9.2-freebsd8.2-gcc4.2.1-1002/support/lib/phusion_passenger/spawn_manager.rb:253:in `block (2 levels) in spawn_rack_application'
	from /home/nnoe/.passenger/standalone/3.0.8-x86_64-ruby1.9.2-freebsd8.2-gcc4.2.1-1002/support/lib/phusion_passenger/abstract_server_collection.rb:132:in `lookup_or_add'
	from /home/nnoe/.passenger/standalone/3.0.8-x86_64-ruby1.9.2-freebsd8.2-gcc4.2.1-1002/support/lib/phusion_passenger/spawn_manager.rb:246:in `block in spawn_rack_application'
	from /home/nnoe/.passenger/standalone/3.0.8-x86_64-ruby1.9.2-freebsd8.2-gcc4.2.1-1002/support/lib/phusion_passenger/abstract_server_collection.rb:82:in `block in synchronize'
	from <internal:prelude>:10:in `synchronize'
	from /home/nnoe/.passenger/standalone/3.0.8-x86_64-ruby1.9.2-freebsd8.2-gcc4.2.1-1002/support/lib/phusion_passenger/abstract_server_collection.rb:79:in `synchronize'
	from /home/nnoe/.passenger/standalone/3.0.8-x86_64-ruby1.9.2-freebsd8.2-gcc4.2.1-1002/support/lib/phusion_passenger/spawn_manager.rb:244:in `spawn_rack_application'
	from /home/nnoe/.passenger/standalone/3.0.8-x86_64-ruby1.9.2-freebsd8.2-gcc4.2.1-1002/support/lib/phusion_passenger/spawn_manager.rb:137:in `spawn_application'
	from /home/nnoe/.passenger/standalone/3.0.8-x86_64-ruby1.9.2-freebsd8.2-gcc4.2.1-1002/support/lib/phusion_passenger/spawn_manager.rb:275:in `handle_spawn_application'
	from /home/nnoe/.passenger/standalone/3.0.8-x86_64-ruby1.9.2-freebsd8.2-gcc4.2.1-1002/support/lib/phusion_passenger/abstract_server.rb:357:in `server_main_loop'
	from /home/nnoe/.passenger/standalone/3.0.8-x86_64-ruby1.9.2-freebsd8.2-gcc4.2.1-1002/support/lib/phusion_passenger/abstract_server.rb:206:in `start_synchronously'
	from /home/nnoe/.passenger/standalone/3.0.8-x86_64-ruby1.9.2-freebsd8.2-gcc4.2.1-1002/support/helper-scripts/passenger-spawn-server:99:in `<main>'
2011/08/24 15:42:32 [error] 30787#0: *6 upstream prematurely closed connection while reading response header from upstream, client: 10.0.0.9, server: _, request: "GET /ifbl/ HTTP/1.1", upstream: "passenger:unix:/passenger_helper_server:", host: "home.bebif.be"
[ pid=30826 thr=17189069660 file=utils.rb:176 time=2011-08-24 15:42:32.765 ]: *** Exception ArgumentError in application (wrong number of arguments (1 for 0)) (process 30826, thread #<Thread:0x0000080118c6b8>):
	from /home/nnoe/.rvm/gems/ruby-1.9.2-p180@ifblserver/gems/actionpack-3.0.7/lib/action_controller/deprecated/base.rb:11:in `relative_url_root='
	from /home/nnoe/.rvm/gems/ruby-1.9.2-p180@ifblserver/gems/actionpack-3.0.7/lib/action_controller/railtie.rb:54:in `block (3 levels) in <class:Railtie>'
	from /home/nnoe/.rvm/gems/ruby-1.9.2-p180@ifblserver/gems/actionpack-3.0.7/lib/action_controller/railtie.rb:54:in `each'
	from /home/nnoe/.rvm/gems/ruby-1.9.2-p180@ifblserver/gems/actionpack-3.0.7/lib/action_controller/railtie.rb:54:in `block (2 levels) in <class:Railtie>'
	from /home/nnoe/.rvm/gems/ruby-1.9.2-p180@ifblserver/gems/activesupport-3.0.7/lib/active_support/lazy_load_hooks.rb:36:in `instance_eval'
	from /home/nnoe/.rvm/gems/ruby-1.9.2-p180@ifblserver/gems/activesupport-3.0.7/lib/active_support/lazy_load_hooks.rb:36:in `execute_hook'
	from /home/nnoe/.rvm/gems/ruby-1.9.2-p180@ifblserver/gems/activesupport-3.0.7/lib/active_support/lazy_load_hooks.rb:43:in `block in run_load_hooks'
	from /home/nnoe/.rvm/gems/ruby-1.9.2-p180@ifblserver/gems/activesupport-3.0.7/lib/active_support/lazy_load_hooks.rb:42:in `each'
	from /home/nnoe/.rvm/gems/ruby-1.9.2-p180@ifblserver/gems/activesupport-3.0.7/lib/active_support/lazy_load_hooks.rb:42:in `run_load_hooks'
	from /home/nnoe/.rvm/gems/ruby-1.9.2-p180@ifblserver/gems/actionpack-3.0.7/lib/action_controller/base.rb:232:in `<class:Base>'
	from /home/nnoe/.rvm/gems/ruby-1.9.2-p180@ifblserver/gems/actionpack-3.0.7/lib/action_controller/base.rb:169:in `<module:ActionController>'
	from /home/nnoe/.rvm/gems/ruby-1.9.2-p180@ifblserver/gems/actionpack-3.0.7/lib/action_controller/base.rb:3:in `<top (required)>'
	from /home/nnoe/.rvm/gems/ruby-1.9.2-p180@ifblserver/gems/actionpack-3.0.7/lib/action_dispatch/middleware/static.rb:21:in `call'
	from /home/nnoe/.rvm/gems/ruby-1.9.2-p180@ifblserver/gems/railties-3.0.7/lib/rails/application.rb:168:in `call'
	from /home/nnoe/.rvm/gems/ruby-1.9.2-p180@ifblserver/gems/railties-3.0.7/lib/rails/application.rb:77:in `method_missing'
	from /home/nnoe/.passenger/standalone/3.0.8-x86_64-ruby1.9.2-freebsd8.2-gcc4.2.1-1002/support/lib/phusion_passenger/rack/request_handler.rb:96:in `process_request'
	from /home/nnoe/.passenger/standalone/3.0.8-x86_64-ruby1.9.2-freebsd8.2-gcc4.2.1-1002/support/lib/phusion_passenger/abstract_request_handler.rb:513:in `accept_and_process_next_request'
	from /home/nnoe/.passenger/standalone/3.0.8-x86_64-ruby1.9.2-freebsd8.2-gcc4.2.1-1002/support/lib/phusion_passenger/abstract_request_handler.rb:274:in `main_loop'
	from /home/nnoe/.passenger/standalone/3.0.8-x86_64-ruby1.9.2-freebsd8.2-gcc4.2.1-1002/support/lib/phusion_passenger/rack/application_spawner.rb:205:in `start_request_handler'
	from /home/nnoe/.passenger/standalone/3.0.8-x86_64-ruby1.9.2-freebsd8.2-gcc4.2.1-1002/support/lib/phusion_passenger/rack/application_spawner.rb:170:in `block in handle_spawn_application'
	from /home/nnoe/.passenger/standalone/3.0.8-x86_64-ruby1.9.2-freebsd8.2-gcc4.2.1-1002/support/lib/phusion_passenger/utils.rb:479:in `safe_fork'
	from /home/nnoe/.passenger/standalone/3.0.8-x86_64-ruby1.9.2-freebsd8.2-gcc4.2.1-1002/support/lib/phusion_passenger/rack/application_spawner.rb:165:in `handle_spawn_application'
	from /home/nnoe/.passenger/standalone/3.0.8-x86_64-ruby1.9.2-freebsd8.2-gcc4.2.1-1002/support/lib/phusion_passenger/abstract_server.rb:357:in `server_main_loop'
	from /home/nnoe/.passenger/standalone/3.0.8-x86_64-ruby1.9.2-freebsd8.2-gcc4.2.1-1002/support/lib/phusion_passenger/abstract_server.rb:206:in `start_synchronously'
	from /home/nnoe/.passenger/standalone/3.0.8-x86_64-ruby1.9.2-freebsd8.2-gcc4.2.1-1002/support/lib/phusion_passenger/abstract_server.rb:180:in `start'
	from /home/nnoe/.passenger/standalone/3.0.8-x86_64-ruby1.9.2-freebsd8.2-gcc4.2.1-1002/support/lib/phusion_passenger/rack/application_spawner.rb:128:in `start'
	from /home/nnoe/.passenger/standalone/3.0.8-x86_64-ruby1.9.2-freebsd8.2-gcc4.2.1-1002/support/lib/phusion_passenger/spawn_manager.rb:253:in `block (2 levels) in spawn_rack_application'
	from /home/nnoe/.passenger/standalone/3.0.8-x86_64-ruby1.9.2-freebsd8.2-gcc4.2.1-1002/support/lib/phusion_passenger/abstract_server_collection.rb:132:in `lookup_or_add'
	from /home/nnoe/.passenger/standalone/3.0.8-x86_64-ruby1.9.2-freebsd8.2-gcc4.2.1-1002/support/lib/phusion_passenger/spawn_manager.rb:246:in `block in spawn_rack_application'
	from /home/nnoe/.passenger/standalone/3.0.8-x86_64-ruby1.9.2-freebsd8.2-gcc4.2.1-1002/support/lib/phusion_passenger/abstract_server_collection.rb:82:in `block in synchronize'
	from <internal:prelude>:10:in `synchronize'
	from /home/nnoe/.passenger/standalone/3.0.8-x86_64-ruby1.9.2-freebsd8.2-gcc4.2.1-1002/support/lib/phusion_passenger/abstract_server_collection.rb:79:in `synchronize'
	from /home/nnoe/.passenger/standalone/3.0.8-x86_64-ruby1.9.2-freebsd8.2-gcc4.2.1-1002/support/lib/phusion_passenger/spawn_manager.rb:244:in `spawn_rack_application'
	from /home/nnoe/.passenger/standalone/3.0.8-x86_64-ruby1.9.2-freebsd8.2-gcc4.2.1-1002/support/lib/phusion_passenger/spawn_manager.rb:137:in `spawn_application'
	from /home/nnoe/.passenger/standalone/3.0.8-x86_64-ruby1.9.2-freebsd8.2-gcc4.2.1-1002/support/lib/phusion_passenger/spawn_manager.rb:275:in `handle_spawn_application'
	from /home/nnoe/.passenger/standalone/3.0.8-x86_64-ruby1.9.2-freebsd8.2-gcc4.2.1-1002/support/lib/phusion_passenger/abstract_server.rb:357:in `server_main_loop'
	from /home/nnoe/.passenger/standalone/3.0.8-x86_64-ruby1.9.2-freebsd8.2-gcc4.2.1-1002/support/lib/phusion_passenger/abstract_server.rb:206:in `start_synchronously'
	from /home/nnoe/.passenger/standalone/3.0.8-x86_64-ruby1.9.2-freebsd8.2-gcc4.2.1-1002/support/helper-scripts/passenger-spawn-server:99:in `<main>'
[ pid=31417 thr=0x80100ac80 file=ext/nginx/HelperAgent.cpp:921 time=2011-08-24 15:49:49.110 ]: Couldn't forward the HTTP response back to the HTTP client: It seems the user clicked on the 'Stop' button in his browser.
[ pid=16033 thr=0x80100a900 file=ext/nginx/HelperAgent.cpp:921 time=2011-08-30 17:32:54.520 ]: Couldn't forward the HTTP response back to the HTTP client: It seems the user clicked on the 'Stop' button in his browser.
[ pid=16033 thr=0x80100a200 file=ext/nginx/HelperAgent.cpp:921 time=2011-08-31 11:39:22.32 ]: Couldn't forward the HTTP response back to the HTTP client: It seems the user clicked on the 'Stop' button in his browser.
[ pid=16033 thr=0x80100a900 file=ext/nginx/HelperAgent.cpp:921 time=2011-09-07 16:06:43.23 ]: Couldn't forward the HTTP response back to the HTTP client: It seems the user clicked on the 'Stop' button in his browser.
[ pid=16033 thr=0x80100a900 file=ext/nginx/HelperAgent.cpp:921 time=2011-09-15 16:33:14.601 ]: Couldn't forward the HTTP response back to the HTTP client: It seems the user clicked on the 'Stop' button in his browser.
Stopping web server... done
